2022-06-09 15:50:40.278 INFO  [main ] com.exampl.demo.Application: Starting Application using Java 1.8.0_261 on DESKTOP-VOPSS2R with PID 14216 (E:\EnterpriseSpringBoot\app-web\target\classes started by 1 in E:\EnterpriseSpringBoot)
2022-06-09 15:50:40.338 INFO  [main ] com.exampl.demo.Application: No active profile set, falling back to 1 default profile: "default"
2022-06-09 15:50:41.582 WARN  [main ] tk.mybatis.spring.mapper.ClassPathMapperScanner: No MyBatis mapper was found in '[com.exampl.demo]' package. Please check your configuration.
2022-06-09 15:50:42.479 INFO  [main ] org.apache.coyote.http11.Http11NioProtocol: Initializing ProtocolHandler ["http-nio-6050"]
2022-06-09 15:50:42.480 INFO  [main ] org.apache.catalina.core.StandardService: Starting service [Tomcat]
2022-06-09 15:50:42.480 INFO  [main ] org.apache.catalina.core.StandardEngine: Starting Servlet engine: [Apache Tomcat/9.0.60]
2022-06-09 15:50:42.701 INFO  [main ] org.apache.catalina.core.ContainerBase.[Tomcat].[localhost].[/]: Initializing Spring embedded WebApplicationContext
2022-06-09 15:50:42.807 INFO  [main ] com.alibaba.druid.spring.boot.autoconfigure.DruidDataSourceAutoConfigure: Init DruidDataSource
2022-06-09 15:50:43.240 INFO  [main ] com.alibaba.druid.pool.DruidDataSource: {dataSource-1} inited
2022-06-09 15:50:43.669 INFO  [main ] springfox.documentation.spring.web.PropertySourcedRequestMappingHandlerMapping: Mapped URL path [/v2/api-docs] onto method [springfox.documentation.swagger2.web.Swagger2Controller#getDocumentation(String, HttpServletRequest)]
2022-06-09 15:50:43.911 INFO  [main ] tk.mybatis.mapper.autoconfigure.MapperCacheDisabler: Clear tk.mybatis.mapper.util.MsUtil CLASS_CACHE cache.
2022-06-09 15:50:43.912 INFO  [main ] tk.mybatis.mapper.autoconfigure.MapperCacheDisabler: Clear tk.mybatis.mapper.genid.GenIdUtil CACHE cache.
2022-06-09 15:50:43.913 INFO  [main ] tk.mybatis.mapper.autoconfigure.MapperCacheDisabler: Clear tk.mybatis.mapper.version.VersionUtil CACHE cache.
2022-06-09 15:50:43.914 INFO  [main ] tk.mybatis.mapper.autoconfigure.MapperCacheDisabler: Clear EntityHelper entityTableMap cache.
2022-06-09 15:50:43.991 INFO  [main ] org.apache.coyote.http11.Http11NioProtocol: Starting ProtocolHandler ["http-nio-6050"]
2022-06-09 15:50:44.018 INFO  [main ] springfox.documentation.spring.web.plugins.DocumentationPluginsBootstrapper: Context refreshed
2022-06-09 15:50:44.046 INFO  [main ] springfox.documentation.spring.web.plugins.DocumentationPluginsBootstrapper: Found 1 custom documentation plugin(s)
2022-06-09 15:50:44.087 INFO  [main ] springfox.documentation.spring.web.scanners.ApiListingReferenceScanner: Scanning for api listing references
2022-06-09 15:50:44.261 INFO  [main ] springfox.documentation.spring.web.readers.operation.CachingOperationNameGenerator: Generating unique operation named: newFeatureUsingGET_1
2022-06-09 15:50:44.290 INFO  [main ] com.exampl.demo.Application: Started Application in 6.178 seconds (JVM running for 9.021)
2022-06-09 15:51:29.687 INFO  [http-nio-6050-exec-1] org.apache.catalina.core.ContainerBase.[Tomcat].[localhost].[/]: Initializing Spring DispatcherServlet 'dispatcherServlet'
2022-06-09 15:52:13.086 INFO  [SpringApplicationShutdownHook] com.alibaba.druid.pool.DruidDataSource: {dataSource-1} closing ...
2022-06-09 15:52:13.093 INFO  [SpringApplicationShutdownHook] com.alibaba.druid.pool.DruidDataSource: {dataSource-1} closed
2022-06-09 15:52:19.877 INFO  [main ] com.exampl.demo.Application: Starting Application using Java 1.8.0_261 on DESKTOP-VOPSS2R with PID 19452 (E:\EnterpriseSpringBoot\app-web\target\classes started by 1 in E:\EnterpriseSpringBoot)
2022-06-09 15:52:19.887 INFO  [main ] com.exampl.demo.Application: No active profile set, falling back to 1 default profile: "default"
2022-06-09 15:52:20.661 WARN  [main ] tk.mybatis.spring.mapper.ClassPathMapperScanner: No MyBatis mapper was found in '[com.exampl.demo]' package. Please check your configuration.
2022-06-09 15:52:21.183 INFO  [main ] org.apache.coyote.http11.Http11NioProtocol: Initializing ProtocolHandler ["http-nio-6050"]
2022-06-09 15:52:21.183 INFO  [main ] org.apache.catalina.core.StandardService: Starting service [Tomcat]
2022-06-09 15:52:21.184 INFO  [main ] org.apache.catalina.core.StandardEngine: Starting Servlet engine: [Apache Tomcat/9.0.60]
2022-06-09 15:52:21.337 INFO  [main ] org.apache.catalina.core.ContainerBase.[Tomcat].[localhost].[/]: Initializing Spring embedded WebApplicationContext
2022-06-09 15:52:21.417 INFO  [main ] com.alibaba.druid.spring.boot.autoconfigure.DruidDataSourceAutoConfigure: Init DruidDataSource
2022-06-09 15:52:21.695 INFO  [main ] com.alibaba.druid.pool.DruidDataSource: {dataSource-1} inited
2022-06-09 15:52:22.057 INFO  [main ] springfox.documentation.spring.web.PropertySourcedRequestMappingHandlerMapping: Mapped URL path [/v2/api-docs] onto method [springfox.documentation.swagger2.web.Swagger2Controller#getDocumentation(String, HttpServletRequest)]
2022-06-09 15:52:22.214 INFO  [main ] tk.mybatis.mapper.autoconfigure.MapperCacheDisabler: Clear tk.mybatis.mapper.util.MsUtil CLASS_CACHE cache.
2022-06-09 15:52:22.215 INFO  [main ] tk.mybatis.mapper.autoconfigure.MapperCacheDisabler: Clear tk.mybatis.mapper.genid.GenIdUtil CACHE cache.
2022-06-09 15:52:22.215 INFO  [main ] tk.mybatis.mapper.autoconfigure.MapperCacheDisabler: Clear tk.mybatis.mapper.version.VersionUtil CACHE cache.
2022-06-09 15:52:22.216 INFO  [main ] tk.mybatis.mapper.autoconfigure.MapperCacheDisabler: Clear EntityHelper entityTableMap cache.
2022-06-09 15:52:22.275 INFO  [main ] org.apache.coyote.http11.Http11NioProtocol: Starting ProtocolHandler ["http-nio-6050"]
2022-06-09 15:52:22.291 INFO  [main ] springfox.documentation.spring.web.plugins.DocumentationPluginsBootstrapper: Context refreshed
2022-06-09 15:52:22.311 INFO  [main ] springfox.documentation.spring.web.plugins.DocumentationPluginsBootstrapper: Found 1 custom documentation plugin(s)
2022-06-09 15:52:22.361 INFO  [main ] springfox.documentation.spring.web.scanners.ApiListingReferenceScanner: Scanning for api listing references
2022-06-09 15:52:22.535 INFO  [main ] springfox.documentation.spring.web.readers.operation.CachingOperationNameGenerator: Generating unique operation named: newFeatureUsingGET_1
2022-06-09 15:52:22.567 INFO  [main ] com.exampl.demo.Application: Started Application in 3.104 seconds (JVM running for 4.495)
2022-06-09 15:52:28.714 INFO  [http-nio-6050-exec-1] org.apache.catalina.core.ContainerBase.[Tomcat].[localhost].[/]: Initializing Spring DispatcherServlet 'dispatcherServlet'
2022-06-09 15:52:37.332 INFO  [SpringApplicationShutdownHook] com.alibaba.druid.pool.DruidDataSource: {dataSource-1} closing ...
2022-06-09 15:52:37.337 INFO  [SpringApplicationShutdownHook] com.alibaba.druid.pool.DruidDataSource: {dataSource-1} closed
2022-06-09 15:52:43.114 INFO  [main ] com.exampl.demo.Application: Starting Application using Java 1.8.0_261 on DESKTOP-VOPSS2R with PID 14900 (E:\EnterpriseSpringBoot\app-web\target\classes started by 1 in E:\EnterpriseSpringBoot)
2022-06-09 15:52:43.123 INFO  [main ] com.exampl.demo.Application: No active profile set, falling back to 1 default profile: "default"
2022-06-09 15:52:43.776 WARN  [main ] tk.mybatis.spring.mapper.ClassPathMapperScanner: No MyBatis mapper was found in '[com.exampl.demo]' package. Please check your configuration.
2022-06-09 15:52:44.218 INFO  [main ] org.apache.coyote.http11.Http11NioProtocol: Initializing ProtocolHandler ["http-nio-6050"]
2022-06-09 15:52:44.218 INFO  [main ] org.apache.catalina.core.StandardService: Starting service [Tomcat]
2022-06-09 15:52:44.218 INFO  [main ] org.apache.catalina.core.StandardEngine: Starting Servlet engine: [Apache Tomcat/9.0.60]
2022-06-09 15:52:44.363 INFO  [main ] org.apache.catalina.core.ContainerBase.[Tomcat].[localhost].[/]: Initializing Spring embedded WebApplicationContext
2022-06-09 15:52:44.442 INFO  [main ] com.alibaba.druid.spring.boot.autoconfigure.DruidDataSourceAutoConfigure: Init DruidDataSource
2022-06-09 15:52:44.714 INFO  [main ] com.alibaba.druid.pool.DruidDataSource: {dataSource-1} inited
2022-06-09 15:52:45.083 INFO  [main ] springfox.documentation.spring.web.PropertySourcedRequestMappingHandlerMapping: Mapped URL path [/v2/api-docs] onto method [springfox.documentation.swagger2.web.Swagger2Controller#getDocumentation(String, HttpServletRequest)]
2022-06-09 15:52:45.262 INFO  [main ] tk.mybatis.mapper.autoconfigure.MapperCacheDisabler: Clear tk.mybatis.mapper.util.MsUtil CLASS_CACHE cache.
2022-06-09 15:52:45.263 INFO  [main ] tk.mybatis.mapper.autoconfigure.MapperCacheDisabler: Clear tk.mybatis.mapper.genid.GenIdUtil CACHE cache.
2022-06-09 15:52:45.263 INFO  [main ] tk.mybatis.mapper.autoconfigure.MapperCacheDisabler: Clear tk.mybatis.mapper.version.VersionUtil CACHE cache.
2022-06-09 15:52:45.265 INFO  [main ] tk.mybatis.mapper.autoconfigure.MapperCacheDisabler: Clear EntityHelper entityTableMap cache.
2022-06-09 15:52:45.326 INFO  [main ] org.apache.coyote.http11.Http11NioProtocol: Starting ProtocolHandler ["http-nio-6050"]
2022-06-09 15:52:45.343 INFO  [main ] springfox.documentation.spring.web.plugins.DocumentationPluginsBootstrapper: Context refreshed
2022-06-09 15:52:45.360 INFO  [main ] springfox.documentation.spring.web.plugins.DocumentationPluginsBootstrapper: Found 1 custom documentation plugin(s)
2022-06-09 15:52:45.393 INFO  [main ] springfox.documentation.spring.web.scanners.ApiListingReferenceScanner: Scanning for api listing references
2022-06-09 15:52:45.533 INFO  [main ] springfox.documentation.spring.web.readers.operation.CachingOperationNameGenerator: Generating unique operation named: newFeatureUsingGET_1
2022-06-09 15:52:45.560 INFO  [main ] com.exampl.demo.Application: Started Application in 2.859 seconds (JVM running for 4.061)
2022-06-09 15:52:52.542 INFO  [http-nio-6050-exec-1] org.apache.catalina.core.ContainerBase.[Tomcat].[localhost].[/]: Initializing Spring DispatcherServlet 'dispatcherServlet'
